[08:25:28] Pass 1: counting session sizes + item popularity
[08:25:29]   rows so far: 2,000,000
[08:25:29]   rows so far: 4,000,000
[08:25:30]   rows so far: 6,000,000
[08:25:31]   rows so far: 8,000,000
[08:25:32]   rows so far: 10,000,000
[08:25:33]   rows so far: 12,000,000
[08:25:34]   rows so far: 14,000,000
[08:25:35]   rows so far: 16,000,000
[08:25:35]   rows so far: 18,000,000
[08:25:36]   rows so far: 20,000,000
[08:25:37]   rows so far: 22,000,000
[08:25:38]   rows so far: 24,000,000
[08:25:39]   rows so far: 26,000,000
[08:25:40]   rows so far: 28,000,000
[08:25:40]   rows so far: 30,000,000
[08:25:41]   rows so far: 32,000,000
[08:25:42]   rows so far: 33,003,944
[08:25:42] Pass 1 done. rows=33,003,944 sessions=9,249,729 items=52,739
[08:25:42] Eligible sessions (>=3 clicks): 4,431,931
[08:25:42] Sampled sessions: 200,000
[08:25:42] Pass 2: collecting rows for sampled sessions
[08:25:42]   scanned: 2,000,000
[08:25:43]   scanned: 4,000,000
[08:25:44]   scanned: 6,000,000
[08:25:44]   scanned: 8,000,000
[08:25:45]   scanned: 10,000,000
[08:25:46]   scanned: 12,000,000
[08:25:46]   scanned: 14,000,000
[08:25:47]   scanned: 16,000,000
[08:25:48]   scanned: 18,000,000
[08:25:48]   scanned: 20,000,000
[08:25:49]   scanned: 22,000,000
[08:25:49]   scanned: 24,000,000
[08:25:50]   scanned: 26,000,000
[08:25:51]   scanned: 28,000,000
[08:25:51]   scanned: 30,000,000
[08:25:52]   scanned: 32,000,000
[08:25:52]   scanned: 33,003,944
[08:25:52] Pass 2 done. collected rows=1,109,523
[08:25:53] Building per-session arrays
[08:26:02] Usable sessions: 200,000
[08:26:02] Building test events
[08:26:03] Test events: 200,000
[08:26:03] Extracting real-time features
[08:26:04] Part 1: cumulative ablation
[08:26:10]   baseline hit@10 = 2.14%  (5.8s)
[08:26:16]   +session_top_categories hit@10 = 2.74%  lift=+0.60pts  (6.0s)
[08:26:32]   +session_recent_items hit@10 = 15.06%  lift=+12.32pts  (16.5s)
[08:26:49]   +session_dwell_avg hit@10 = 14.39%  lift=-0.67pts  (16.6s)
[08:27:05]   +session_depth hit@10 = 13.23%  lift=-1.16pts  (16.7s)
[08:27:22]   +session_variety hit@10 = 13.14%  lift=-0.08pts  (16.9s)
[08:27:22] Part 2: staleness sweep
[08:27:39]   real-time: hit@10 = 13.14%  (16.8s)
[08:27:55]   10 seconds stale: hit@10 = 10.27%  (16.4s)
[08:28:12]   1 minute stale: hit@10 = 10.27%  (16.5s)
[08:28:29]   5 minutes stale: hit@10 = 10.27%  (16.6s)
[08:28:45]   30 minutes stale: hit@10 = 10.27%  (16.5s)
[08:28:45] Writing results markdown
[08:28:46] Results written to /Users/petrpan26/work/tally/.planning/advanced-recipes/personalization-experiment-results.md
[08:28:46] Wall time: 3.3 min
